0 info it worked if it ends with ok
1 verbose cli [
1 verbose cli   '/data/data/com.termux/files/usr/bin/node',
1 verbose cli   '/data/data/com.termux/files/usr/bin/npm',
1 verbose cli   'i',
1 verbose cli   'imgbb-uploader'
1 verbose cli ]
2 info using npm@6.14.10
3 info using node@v14.15.4
4 verbose npm-session be8b5554167357ab
5 silly install loadCurrentTree
6 silly install readLocalPackageData
7 http fetch GET 304 https://registry.npmjs.org/imgbb-uploader 1616ms (from cache)
8 silly pacote range manifest for imgbb-uploader@^1.3.0 fetched in 1698ms
9 timing stage:loadCurrentTree Completed in 5859ms
10 silly install loadIdealTree
11 silly install cloneCurrentTreeToIdealTree
12 timing stage:loadIdealTree:cloneCurrentTree Completed in 29ms
13 silly install loadShrinkwrap
14 timing stage:loadIdealTree:loadShrinkwrap Completed in 2140ms
15 silly install loadAllDepsIntoIdealTree
16 silly resolveWithNewModule imgbb-uploader@1.3.0 checking installable status
17 silly removeObsoleteDep removing imgbb-uploader@1.3.0 from the tree as its been replaced by a newer version or is no longer required
18 timing stage:loadIdealTree:loadAllDepsIntoIdealTree Completed in 3046ms
19 timing stage:loadIdealTree Completed in 5915ms
20 silly currentTree toiniubot@0.0.2
20 silly currentTree ├── @adiwajshing/baileys@4.0.0
20 silly currentTree ├── @adiwajshing/keyed-db@0.2.4
20 silly currentTree ├── @babel/runtime@7.12.5
20 silly currentTree ├── @hapi/bourne@2.0.0
20 silly currentTree ├── @jimp/bmp@0.16.1
20 silly currentTree ├── @jimp/core@0.16.1
20 silly currentTree ├── @jimp/custom@0.16.1
20 silly currentTree ├── @jimp/gif@0.16.1
20 silly currentTree ├── @jimp/jpeg@0.16.1
20 silly currentTree ├── @jimp/plugin-blit@0.16.1
20 silly currentTree ├── @jimp/plugin-blur@0.16.1
20 silly currentTree ├── @jimp/plugin-circle@0.16.1
20 silly currentTree ├── @jimp/plugin-color@0.16.1
20 silly currentTree ├── @jimp/plugin-contain@0.16.1
20 silly currentTree ├── @jimp/plugin-cover@0.16.1
20 silly currentTree ├── @jimp/plugin-crop@0.16.1
20 silly currentTree ├── @jimp/plugin-displace@0.16.1
20 silly currentTree ├── @jimp/plugin-dither@0.16.1
20 silly currentTree ├── @jimp/plugin-fisheye@0.16.1
20 silly currentTree ├── @jimp/plugin-flip@0.16.1
20 silly currentTree ├── @jimp/plugin-gaussian@0.16.1
20 silly currentTree ├── @jimp/plugin-invert@0.16.1
20 silly currentTree ├── @jimp/plugin-mask@0.16.1
20 silly currentTree ├── @jimp/plugin-normalize@0.16.1
20 silly currentTree ├── @jimp/plugin-print@0.16.1
20 silly currentTree ├── @jimp/plugin-resize@0.16.1
20 silly currentTree ├── @jimp/plugin-rotate@0.16.1
20 silly currentTree ├── @jimp/plugin-scale@0.16.1
20 silly currentTree ├── @jimp/plugin-shadow@0.16.1
20 silly currentTree ├── @jimp/plugin-threshold@0.16.1
20 silly currentTree ├── @jimp/plugins@0.16.1
20 silly currentTree ├── @jimp/png@0.16.1
20 silly currentTree ├── @jimp/tiff@0.16.1
20 silly currentTree ├── @jimp/types@0.16.1
20 silly currentTree ├── @jimp/utils@0.16.1
20 silly currentTree ├─┬ @kagchi/kag-api@1.5.5
20 silly currentTree │ └── axios@0.20.0
20 silly currentTree ├── @protobufjs/aspromise@1.1.2
20 silly currentTree ├── @protobufjs/base64@1.1.2
20 silly currentTree ├── @protobufjs/codegen@2.0.4
20 silly currentTree ├── @protobufjs/eventemitter@1.1.0
20 silly currentTree ├── @protobufjs/fetch@1.1.0
20 silly currentTree ├── @protobufjs/float@1.0.2
20 silly currentTree ├── @protobufjs/inquire@1.1.0
20 silly currentTree ├── @protobufjs/path@1.1.2
20 silly currentTree ├── @protobufjs/pool@1.1.0
20 silly currentTree ├── @protobufjs/utf8@1.1.0
20 silly currentTree ├── @sindresorhus/is@4.0.0
20 silly currentTree ├── @szmarczak/http-timer@4.0.5
20 silly currentTree ├── @tokenizer/token@0.1.1
20 silly currentTree ├── @types/cacheable-request@6.0.1
20 silly currentTree ├── @types/debug@4.1.5
20 silly currentTree ├── @types/http-cache-semantics@4.0.0
20 silly currentTree ├── @types/keyv@3.1.1
20 silly currentTree ├── @types/long@4.0.1
20 silly currentTree ├── @types/node@14.14.22
20 silly currentTree ├── @types/readable-stream@2.3.9
20 silly currentTree ├── @types/responselike@1.0.0
20 silly currentTree ├── agent-base@6.0.2
20 silly currentTree ├── ajv@6.12.6
20 silly currentTree ├── ansi-regex@4.1.0
20 silly currentTree ├── ansi-styles@3.2.1
20 silly currentTree ├── any-base@1.1.0
20 silly currentTree ├─┬ archiver-utils@2.1.0
20 silly currentTree │ ├── readable-stream@2.3.7
20 silly currentTree │ ├── safe-buffer@5.1.2
20 silly currentTree │ └── string_decoder@1.1.1
20 silly currentTree ├─┬ archiver@3.1.1
20 silly currentTree │ └── async@2.6.3
20 silly currentTree ├─┬ args@5.0.1
20 silly currentTree │ ├── chalk@2.4.2
20 silly currentTree │ └── escape-string-regexp@1.0.5
20 silly currentTree ├── asn1@0.2.4
20 silly currentTree ├── assert-plus@1.0.0
20 silly currentTree ├── async@3.2.0
20 silly currentTree ├── asynckit@0.4.0
20 silly currentTree ├── atomic-sleep@1.0.0
20 silly currentTree ├── aws-sign2@0.7.0
20 silly currentTree ├── aws4@1.11.0
20 silly currentTree ├── axios@0.21.1
20 silly currentTree ├── balanced-match@1.0.0
20 silly currentTree ├── base64-js@1.5.1
20 silly currentTree ├── bcrypt-pbkdf@1.0.2
20 silly currentTree ├── bl@4.0.3
20 silly currentTree ├── bluebird@3.7.2
20 silly currentTree ├── bmp-js@0.1.0
20 silly currentTree ├── brace-expansion@1.1.11
20 silly currentTree ├── buffer-crc32@0.2.13
20 silly currentTree ├── buffer-equal@0.0.1
20 silly currentTree ├── buffer@5.7.1
20 silly currentTree ├── cacheable-lookup@5.0.4
20 silly currentTree ├── cacheable-request@7.0.1
20 silly currentTree ├── camelcase@5.0.0
20 silly currentTree ├── caseless@0.12.0
20 silly currentTree ├── cfonts@2.9.1
20 silly currentTree ├─┬ chalk@4.1.0
20 silly currentTree │ ├── ansi-styles@4.3.0
20 silly currentTree │ ├── color-convert@2.0.1
20 silly currentTree │ ├── color-name@1.1.4
20 silly currentTree │ ├── has-flag@4.0.0
20 silly currentTree │ └── supports-color@7.2.0
20 silly currentTree ├── cli-cursor@3.1.0
20 silly currentTree ├── cli-spinners@2.5.0
20 silly currentTree ├── cliui@5.0.0
20 silly currentTree ├── clone-response@1.0.2
20 silly currentTree ├── clone@1.0.4
20 silly currentTree ├── color-convert@1.9.3
20 silly currentTree ├── color-name@1.1.3
20 silly currentTree ├── combined-stream@1.0.8
20 silly currentTree ├── commander@2.20.3
20 silly currentTree ├─┬ compress-commons@2.1.1
20 silly currentTree │ ├── readable-stream@2.3.7
20 silly currentTree │ ├── safe-buffer@5.1.2
20 silly currentTree │ └── string_decoder@1.1.1
20 silly currentTree ├── concat-map@0.0.1
20 silly currentTree ├── content-type@1.0.4
20 silly currentTree ├── core-util-is@1.0.2
20 silly currentTree ├── crc@3.8.0
20 silly currentTree ├── crc32-stream@3.0.1
20 silly currentTree ├── curve25519-js@0.0.4
20 silly currentTree ├── dashdash@1.14.1
20 silly currentTree ├── dateformat@3.0.3
20 silly currentTree ├── debug@4.3.1
20 silly currentTree ├── decamelize@1.2.0
20 silly currentTree ├─┬ decompress-response@6.0.0
20 silly currentTree │ └── mimic-response@3.1.0
20 silly currentTree ├── defaults@1.0.3
20 silly currentTree ├── defer-to-connect@2.0.0
20 silly currentTree ├── define-property@1.0.0
20 silly currentTree ├── delayed-stream@1.0.0
20 silly currentTree ├── dom-walk@0.1.2
20 silly currentTree ├── ecc-jsbn@0.1.2
20 silly currentTree ├── emoji-regex@7.0.3
20 silly currentTree ├── end-of-stream@1.4.4
20 silly currentTree ├── escape-string-regexp@4.0.0
20 silly currentTree ├── exif-parser@0.1.12
20 silly currentTree ├── extend@3.0.2
20 silly currentTree ├── extsprintf@1.3.0
20 silly currentTree ├── fake-useragent@1.0.1
20 silly currentTree ├── fast-deep-equal@3.1.3
20 silly currentTree ├── fast-json-stable-stringify@2.1.0
20 silly currentTree ├── fast-redact@3.0.0
20 silly currentTree ├── fast-safe-stringify@2.0.7
20 silly currentTree ├── file-type@9.0.0
20 silly currentTree ├── find-up@3.0.0
20 silly currentTree ├── flatstr@1.0.12
20 silly currentTree ├── fluent-ffmpeg@2.1.2
20 silly currentTree ├── follow-redirects@1.13.2
20 silly currentTree ├── forever-agent@0.6.1
20 silly currentTree ├── form-data@2.3.3
20 silly currentTree ├── fs-constants@1.0.0
20 silly currentTree ├── fs.realpath@1.0.0
20 silly currentTree ├── futoin-hkdf@1.3.2
20 silly currentTree ├── get-caller-file@2.0.5
20 silly currentTree ├── get-stream@5.2.0
20 silly currentTree ├── getpass@0.1.7
20 silly currentTree ├── gifwrap@0.9.2
20 silly currentTree ├── glob@7.1.6
20 silly currentTree ├── global@4.4.0
20 silly currentTree ├── got@11.8.1
20 silly currentTree ├── graceful-fs@4.2.4
20 silly currentTree ├── har-schema@2.0.0
20 silly currentTree ├── har-validator@5.1.5
20 silly currentTree ├── has-flag@3.0.0
20 silly currentTree ├── http-cache-semantics@4.1.0
20 silly currentTree ├── http-signature@1.2.0
20 silly currentTree ├── http2-wrapper@1.0.0-beta.5.2
20 silly currentTree ├── https-proxy-agent@5.0.0
20 silly currentTree ├── ieee754@1.2.1
20 silly currentTree ├── image-q@1.1.1
20 silly currentTree ├── imgbb-uploader@1.3.0
20 silly currentTree ├── inflight@1.0.6
20 silly currentTree ├── inherits@2.0.4
20 silly currentTree ├── ip@1.1.5
20 silly currentTree ├── is-accessor-descriptor@1.0.0
20 silly currentTree ├── is-buffer@1.1.6
20 silly currentTree ├── is-data-descriptor@1.0.0
20 silly currentTree ├── is-descriptor@1.0.2
20 silly currentTree ├── is-fullwidth-code-point@2.0.0
20 silly currentTree ├── is-function@1.0.2
20 silly currentTree ├── is-interactive@1.0.0
20 silly currentTree ├─┬ is-number@3.0.0
20 silly currentTree │ └── kind-of@3.2.2
20 silly currentTree ├── is-typedarray@1.0.0
20 silly currentTree ├── isarray@1.0.0
20 silly currentTree ├── isexe@2.0.0
20 silly currentTree ├── isstream@0.1.2
20 silly currentTree ├── jimp@0.16.1
20 silly currentTree ├── jmespath@0.15.0
20 silly currentTree ├── joycon@2.2.5
20 silly currentTree ├── jpeg-js@0.4.2
20 silly currentTree ├── jsbn@0.1.1
20 silly currentTree ├── json-buffer@3.0.1
20 silly currentTree ├── json-schema-traverse@0.4.1
20 silly currentTree ├── json-schema@0.2.3
20 silly currentTree ├── json-stringify-safe@5.0.1
20 silly currentTree ├── json2csv@4.5.1
20 silly currentTree ├── jsonparse@1.3.1
20 silly currentTree ├── jsprim@1.4.1
20 silly currentTree ├── keyv@4.0.3
20 silly currentTree ├── kind-of@6.0.3
20 silly currentTree ├─┬ lazystream@1.0.0
20 silly currentTree │ ├── readable-stream@2.3.7
20 silly currentTree │ ├── safe-buffer@5.1.2
20 silly currentTree │ └── string_decoder@1.1.1
20 silly currentTree ├── leven@2.1.0
20 silly currentTree ├── load-bmfont@1.4.1
20 silly currentTree ├── locate-path@3.0.0
20 silly currentTree ├── lodash.defaults@4.2.0
20 silly currentTree ├── lodash.difference@4.5.0
20 silly currentTree ├── lodash.flatten@4.4.0
20 silly currentTree ├── lodash.get@4.4.2
20 silly currentTree ├── lodash.isplainobject@4.0.6
20 silly currentTree ├── lodash.union@4.6.0
20 silly currentTree ├── lodash@4.17.20
20 silly currentTree ├─┬ log-symbols@3.0.0
20 silly currentTree │ ├── chalk@2.4.2
20 silly currentTree │ └── escape-string-regexp@1.0.5
20 silly currentTree ├── lolis.life@4.0.0
20 silly currentTree ├── long@4.0.0
20 silly currentTree ├── lowercase-keys@2.0.0
20 silly currentTree ├── media-typer@1.1.0
20 silly currentTree ├── mime-db@1.45.0
20 silly currentTree ├── mime-types@2.1.28
20 silly currentTree ├── mime@1.6.0
20 silly currentTree ├── mimic-fn@2.1.0
20 silly currentTree ├── mimic-response@1.0.1
20 silly currentTree ├── min-document@2.19.0
20 silly currentTree ├── minimatch@3.0.4
20 silly currentTree ├── minimist@1.2.5
20 silly currentTree ├── mkdirp@0.5.5
20 silly currentTree ├── moment-timezone@0.5.32
20 silly currentTree ├── moment@2.29.1
20 silly currentTree ├── mri@1.1.4
20 silly currentTree ├── ms@2.1.2
20 silly currentTree ├── multistream@4.0.1
20 silly currentTree ├─┬ music-metadata@7.6.6
20 silly currentTree │ └── file-type@16.2.0
20 silly currentTree ├── mute-stream@0.0.8
20 silly currentTree ├── node-fetch@2.6.1
20 silly currentTree ├── normalize-path@3.0.0
20 silly currentTree ├── normalize-url@4.5.0
20 silly currentTree ├── oauth-sign@0.9.0
20 silly currentTree ├── omggif@1.0.10
20 silly currentTree ├── once@1.4.0
20 silly currentTree ├── onetime@5.1.2
20 silly currentTree ├─┬ ora@4.1.1
20 silly currentTree │ ├── ansi-regex@5.0.0
20 silly currentTree │ ├── ansi-styles@4.3.0
20 silly currentTree │ ├── chalk@3.0.0
20 silly currentTree │ ├── color-convert@2.0.1
20 silly currentTree │ ├── color-name@1.1.4
20 silly currentTree │ ├── has-flag@4.0.0
20 silly currentTree │ ├── strip-ansi@6.0.0
20 silly currentTree │ └── supports-color@7.2.0
20 silly currentTree ├── p-cancelable@2.0.0
20 silly currentTree ├── p-limit@2.3.0
20 silly currentTree ├── p-locate@3.0.0
20 silly currentTree ├── p-try@2.2.0
20 silly currentTree ├── pako@1.0.11
20 silly currentTree ├── parse-bmfont-ascii@1.0.6
20 silly currentTree ├── parse-bmfont-binary@1.0.6
20 silly currentTree ├── parse-bmfont-xml@1.1.4
20 silly currentTree ├── parse-headers@2.0.3
20 silly currentTree ├── path-exists@3.0.0
20 silly currentTree ├── path-is-absolute@1.0.1
20 silly currentTree ├── peek-readable@3.1.3
20 silly currentTree ├── performance-now@2.1.0
20 silly currentTree ├── phin@2.9.3
20 silly currentTree ├── pino-pretty@4.3.0
20 silly currentTree ├── pino-std-serializers@3.2.0
20 silly currentTree ├── pino@6.11.0
20 silly currentTree ├── pixelmatch@4.0.2
20 silly currentTree ├── pngjs@3.4.0
20 silly currentTree ├── process-nextick-args@2.0.1
20 silly currentTree ├── process@0.11.10
20 silly currentTree ├── progress@2.0.3
20 silly currentTree ├─┬ protobufjs@6.10.2
20 silly currentTree │ └── @types/node@13.13.40
20 silly currentTree ├── psl@1.8.0
20 silly currentTree ├── pump@3.0.0
20 silly currentTree ├── punycode@2.1.1
20 silly currentTree ├── qrcode-terminal@0.12.0
20 silly currentTree ├── qs@6.5.2
20 silly currentTree ├── quick-format-unescaped@4.0.1
20 silly currentTree ├── quick-lru@5.1.1
20 silly currentTree ├── readable-stream@3.6.0
20 silly currentTree ├── readable-web-to-node-stream@3.0.1
20 silly currentTree ├── regenerator-runtime@0.13.7
20 silly currentTree ├── remove.bg@1.3.0
20 silly currentTree ├── request-promise-core@1.1.4
20 silly currentTree ├── request-promise@4.2.6
20 silly currentTree ├── request@2.88.2
20 silly currentTree ├── require-directory@2.1.1
20 silly currentTree ├── require-main-filename@2.0.0
20 silly currentTree ├── resolve-alpn@1.0.0
20 silly currentTree ├── responselike@2.0.0
20 silly currentTree ├── restore-cursor@3.1.0
20 silly currentTree ├── safe-buffer@5.2.1
20 silly currentTree ├── safer-buffer@2.1.2
20 silly currentTree ├── sax@1.2.4
20 silly currentTree ├── set-blocking@2.0.0
20 silly currentTree ├── signal-exit@3.0.3
20 silly currentTree ├── smart-buffer@4.1.0
20 silly currentTree ├── socks-proxy-agent@5.0.0
20 silly currentTree ├── socks@2.5.1
20 silly currentTree ├── sonic-boom@1.3.0
20 silly currentTree ├─┬ spinnies@0.5.1
20 silly currentTree │ ├── chalk@2.4.2
20 silly currentTree │ └── escape-string-regexp@1.0.5
20 silly currentTree ├── split2@3.2.2
20 silly currentTree ├── sshpk@1.16.1
20 silly currentTree ├── stealthy-require@1.1.1
20 silly currentTree ├── string_decoder@1.3.0
20 silly currentTree ├── string-width@3.1.0
20 silly currentTree ├── strip-ansi@5.2.0
20 silly currentTree ├── strip-json-comments@3.1.1
20 silly currentTree ├── strtok3@6.0.8
20 silly currentTree ├── supports-color@5.5.0
20 silly currentTree ├── tar-stream@2.2.0
20 silly currentTree ├── tiktok-scraper@1.4.12
20 silly currentTree ├── timm@1.7.1
20 silly currentTree ├── tinycolor2@1.4.2
20 silly currentTree ├── token-types@2.1.1
20 silly currentTree ├── tough-cookie@2.5.0
20 silly currentTree ├── tunnel-agent@0.6.0
20 silly currentTree ├── tweetnacl@0.14.5
20 silly currentTree ├── typedarray-to-buffer@3.1.5
20 silly currentTree ├─┬ unirest@0.6.0
20 silly currentTree │ ├── async@0.9.2
20 silly currentTree │ ├── combined-stream@0.0.7
20 silly currentTree │ ├── delayed-stream@0.0.5
20 silly currentTree │ ├── form-data@0.2.0
20 silly currentTree │ ├── mime-db@1.12.0
20 silly currentTree │ ├── mime-types@2.0.14
20 silly currentTree │ └── mime@2.5.0
20 silly currentTree ├── uri-js@4.4.1
20 silly currentTree ├── utif@2.0.1
20 silly currentTree ├── util-deprecate@1.0.2
20 silly currentTree ├── uuid@3.4.0
20 silly currentTree ├── verror@1.10.0
20 silly currentTree ├── wcwidth@1.0.1
20 silly currentTree ├── which-module@2.0.0
20 silly currentTree ├── which@1.3.1
20 silly currentTree ├── window-size@1.1.1
20 silly currentTree ├── wrap-ansi@5.1.0
20 silly currentTree ├── wrappy@1.0.2
20 silly currentTree ├── ws@7.4.2
20 silly currentTree ├── xhr@2.6.0
20 silly currentTree ├── xml-parse-from-string@1.0.1
20 silly currentTree ├── xml2js@0.4.23
20 silly currentTree ├── xmlbuilder@11.0.1
20 silly currentTree ├── xtend@4.0.2
20 silly currentTree ├── y18n@4.0.1
20 silly currentTree ├── yargs-parser@15.0.1
20 silly currentTree ├── yargs@14.2.3
20 silly currentTree └── zip-stream@2.1.3
21 silly idealTree toiniubot@0.0.2
21 silly idealTree ├── @adiwajshing/baileys@4.0.0
21 silly idealTree ├── @adiwajshing/keyed-db@0.2.4
21 silly idealTree ├── @babel/runtime@7.12.5
21 silly idealTree ├── @hapi/bourne@2.0.0
21 silly idealTree ├── @jimp/bmp@0.16.1
21 silly idealTree ├── @jimp/core@0.16.1
21 silly idealTree ├── @jimp/custom@0.16.1
21 silly idealTree ├── @jimp/gif@0.16.1
21 silly idealTree ├── @jimp/jpeg@0.16.1
21 silly idealTree ├── @jimp/plugin-blit@0.16.1
21 silly idealTree ├── @jimp/plugin-blur@0.16.1
21 silly idealTree ├── @jimp/plugin-circle@0.16.1
21 silly idealTree ├── @jimp/plugin-color@0.16.1
21 silly idealTree ├── @jimp/plugin-contain@0.16.1
21 silly idealTree ├── @jimp/plugin-cover@0.16.1
21 silly idealTree ├── @jimp/plugin-crop@0.16.1
21 silly idealTree ├── @jimp/plugin-displace@0.16.1
21 silly idealTree ├── @jimp/plugin-dither@0.16.1
21 silly idealTree ├── @jimp/plugin-fisheye@0.16.1
21 silly idealTree ├── @jimp/plugin-flip@0.16.1
21 silly idealTree ├── @jimp/plugin-gaussian@0.16.1
21 silly idealTree ├── @jimp/plugin-invert@0.16.1
21 silly idealTree ├── @jimp/plugin-mask@0.16.1
21 silly idealTree ├── @jimp/plugin-normalize@0.16.1
21 silly idealTree ├── @jimp/plugin-print@0.16.1
21 silly idealTree ├── @jimp/plugin-resize@0.16.1
21 silly idealTree ├── @jimp/plugin-rotate@0.16.1
21 silly idealTree ├── @jimp/plugin-scale@0.16.1
21 silly idealTree ├── @jimp/plugin-shadow@0.16.1
21 silly idealTree ├── @jimp/plugin-threshold@0.16.1
21 silly idealTree ├── @jimp/plugins@0.16.1
21 silly idealTree ├── @jimp/png@0.16.1
21 silly idealTree ├── @jimp/tiff@0.16.1
21 silly idealTree ├── @jimp/types@0.16.1
21 silly idealTree ├── @jimp/utils@0.16.1
21 silly idealTree ├─┬ @kagchi/kag-api@1.5.5
21 silly idealTree │ └── axios@0.20.0
21 silly idealTree ├── @protobufjs/aspromise@1.1.2
21 silly idealTree ├── @protobufjs/base64@1.1.2
21 silly idealTree ├── @protobufjs/codegen@2.0.4
21 silly idealTree ├── @protobufjs/eventemitter@1.1.0
21 silly idealTree ├── @protobufjs/fetch@1.1.0
21 silly idealTree ├── @protobufjs/float@1.0.2
21 silly idealTree ├── @protobufjs/inquire@1.1.0
21 silly idealTree ├── @protobufjs/path@1.1.2
21 silly idealTree ├── @protobufjs/pool@1.1.0
21 silly idealTree ├── @protobufjs/utf8@1.1.0
21 silly idealTree ├── @sindresorhus/is@4.0.0
21 silly idealTree ├── @szmarczak/http-timer@4.0.5
21 silly idealTree ├── @tokenizer/token@0.1.1
21 silly idealTree ├── @types/cacheable-request@6.0.1
21 silly idealTree ├── @types/debug@4.1.5
21 silly idealTree ├── @types/http-cache-semantics@4.0.0
21 silly idealTree ├── @types/keyv@3.1.1
21 silly idealTree ├── @types/long@4.0.1
21 silly idealTree ├── @types/node@14.14.22
21 silly idealTree ├── @types/readable-stream@2.3.9
21 silly idealTree ├── @types/responselike@1.0.0
21 silly idealTree ├── agent-base@6.0.2
21 silly idealTree ├── ajv@6.12.6
21 silly idealTree ├── ansi-regex@4.1.0
21 silly idealTree ├── ansi-styles@3.2.1
21 silly idealTree ├── any-base@1.1.0
21 silly idealTree ├─┬ archiver-utils@2.1.0
21 silly idealTree │ ├── readable-stream@2.3.7
21 silly idealTree │ ├── safe-buffer@5.1.2
21 silly idealTree │ └── string_decoder@1.1.1
21 silly idealTree ├─┬ archiver@3.1.1
21 silly idealTree │ └── async@2.6.3
21 silly idealTree ├─┬ args@5.0.1
21 silly idealTree │ ├── chalk@2.4.2
21 silly idealTree │ └── escape-string-regexp@1.0.5
21 silly idealTree ├── asn1@0.2.4
21 silly idealTree ├── assert-plus@1.0.0
21 silly idealTree ├── async@3.2.0
21 silly idealTree ├── asynckit@0.4.0
21 silly idealTree ├── atomic-sleep@1.0.0
21 silly idealTree ├── aws-sign2@0.7.0
21 silly idealTree ├── aws4@1.11.0
21 silly idealTree ├── axios@0.21.1
21 silly idealTree ├── balanced-match@1.0.0
21 silly idealTree ├── base64-js@1.5.1
21 silly idealTree ├── bcrypt-pbkdf@1.0.2
21 silly idealTree ├── bl@4.0.3
21 silly idealTree ├── bluebird@3.7.2
21 silly idealTree ├── bmp-js@0.1.0
21 silly idealTree ├── brace-expansion@1.1.11
21 silly idealTree ├── buffer-crc32@0.2.13
21 silly idealTree ├── buffer-equal@0.0.1
21 silly idealTree ├── buffer@5.7.1
21 silly idealTree ├── cacheable-lookup@5.0.4
21 silly idealTree ├── cacheable-request@7.0.1
21 silly idealTree ├── camelcase@5.0.0
21 silly idealTree ├── caseless@0.12.0
21 silly idealTree ├── cfonts@2.9.1
21 silly idealTree ├─┬ chalk@4.1.0
21 silly idealTree │ ├── ansi-styles@4.3.0
21 silly idealTree │ ├── color-convert@2.0.1
21 silly idealTree │ ├── color-name@1.1.4
21 silly idealTree │ ├── has-flag@4.0.0
21 silly idealTree │ └── supports-color@7.2.0
21 silly idealTree ├── cli-cursor@3.1.0
21 silly idealTree ├── cli-spinners@2.5.0
21 silly idealTree ├── cliui@5.0.0
21 silly idealTree ├── clone-response@1.0.2
21 silly idealTree ├── clone@1.0.4
21 silly idealTree ├── color-convert@1.9.3
21 silly idealTree ├── color-name@1.1.3
21 silly idealTree ├── combined-stream@1.0.8
21 silly idealTree ├── commander@2.20.3
21 silly idealTree ├─┬ compress-commons@2.1.1
21 silly idealTree │ ├── readable-stream@2.3.7
21 silly idealTree │ ├── safe-buffer@5.1.2
21 silly idealTree │ └── string_decoder@1.1.1
21 silly idealTree ├── concat-map@0.0.1
21 silly idealTree ├── content-type@1.0.4
21 silly idealTree ├── core-util-is@1.0.2
21 silly idealTree ├── crc@3.8.0
21 silly idealTree ├── crc32-stream@3.0.1
21 silly idealTree ├── curve25519-js@0.0.4
21 silly idealTree ├── dashdash@1.14.1
21 silly idealTree ├── dateformat@3.0.3
21 silly idealTree ├── debug@4.3.1
21 silly idealTree ├── decamelize@1.2.0
21 silly idealTree ├─┬ decompress-response@6.0.0
21 silly idealTree │ └── mimic-response@3.1.0
21 silly idealTree ├── defaults@1.0.3
21 silly idealTree ├── defer-to-connect@2.0.0
21 silly idealTree ├── define-property@1.0.0
21 silly idealTree ├── delayed-stream@1.0.0
21 silly idealTree ├── dom-walk@0.1.2
21 silly idealTree ├── ecc-jsbn@0.1.2
21 silly idealTree ├── emoji-regex@7.0.3
21 silly idealTree ├── end-of-stream@1.4.4
21 silly idealTree ├── escape-string-regexp@4.0.0
21 silly idealTree ├── exif-parser@0.1.12
21 silly idealTree ├── extend@3.0.2
21 silly idealTree ├── extsprintf@1.3.0
21 silly idealTree ├── fake-useragent@1.0.1
21 silly idealTree ├── fast-deep-equal@3.1.3
21 silly idealTree ├── fast-json-stable-stringify@2.1.0
21 silly idealTree ├── fast-redact@3.0.0
21 silly idealTree ├── fast-safe-stringify@2.0.7
21 silly idealTree ├── file-type@9.0.0
21 silly idealTree ├── find-up@3.0.0
21 silly idealTree ├── flatstr@1.0.12
21 silly idealTree ├── fluent-ffmpeg@2.1.2
21 silly idealTree ├── follow-redirects@1.13.2
21 silly idealTree ├── forever-agent@0.6.1
21 silly idealTree ├── form-data@2.3.3
21 silly idealTree ├── fs-constants@1.0.0
21 silly idealTree ├── fs.realpath@1.0.0
21 silly idealTree ├── futoin-hkdf@1.3.2
21 silly idealTree ├── get-caller-file@2.0.5
21 silly idealTree ├── get-stream@5.2.0
21 silly idealTree ├── getpass@0.1.7
21 silly idealTree ├── gifwrap@0.9.2
21 silly idealTree ├── glob@7.1.6
21 silly idealTree ├── global@4.4.0
21 silly idealTree ├── got@11.8.1
21 silly idealTree ├── graceful-fs@4.2.4
21 silly idealTree ├── har-schema@2.0.0
21 silly idealTree ├── har-validator@5.1.5
21 silly idealTree ├── has-flag@3.0.0
21 silly idealTree ├── http-cache-semantics@4.1.0
21 silly idealTree ├── http-signature@1.2.0
21 silly idealTree ├── http2-wrapper@1.0.0-beta.5.2
21 silly idealTree ├── https-proxy-agent@5.0.0
21 silly idealTree ├── ieee754@1.2.1
21 silly idealTree ├── image-q@1.1.1
21 silly idealTree ├── imgbb-uploader@1.3.0
21 silly idealTree ├── inflight@1.0.6
21 silly idealTree ├── inherits@2.0.4
21 silly idealTree ├── ip@1.1.5
21 silly idealTree ├── is-accessor-descriptor@1.0.0
21 silly idealTree ├── is-buffer@1.1.6
21 silly idealTree ├── is-data-descriptor@1.0.0
21 silly idealTree ├── is-descriptor@1.0.2
21 silly idealTree ├── is-fullwidth-code-point@2.0.0
21 silly idealTree ├── is-function@1.0.2
21 silly idealTree ├── is-interactive@1.0.0
21 silly idealTree ├─┬ is-number@3.0.0
21 silly idealTree │ └── kind-of@3.2.2
21 silly idealTree ├── is-typedarray@1.0.0
21 silly idealTree ├── isarray@1.0.0
21 silly idealTree ├── isexe@2.0.0
21 silly idealTree ├── isstream@0.1.2
21 silly idealTree ├── jimp@0.16.1
21 silly idealTree ├── jmespath@0.15.0
21 silly idealTree ├── joycon@2.2.5
21 silly idealTree ├── jpeg-js@0.4.2
21 silly idealTree ├── jsbn@0.1.1
21 silly idealTree ├── json-buffer@3.0.1
21 silly idealTree ├── json-schema-traverse@0.4.1
21 silly idealTree ├── json-schema@0.2.3
21 silly idealTree ├── json-stringify-safe@5.0.1
21 silly idealTree ├── json2csv@4.5.1
21 silly idealTree ├── jsonparse@1.3.1
21 silly idealTree ├── jsprim@1.4.1
21 silly idealTree ├── keyv@4.0.3
21 silly idealTree ├── kind-of@6.0.3
21 silly idealTree ├─┬ lazystream@1.0.0
21 silly idealTree │ ├── readable-stream@2.3.7
21 silly idealTree │ ├── safe-buffer@5.1.2
21 silly idealTree │ └── string_decoder@1.1.1
21 silly idealTree ├── leven@2.1.0
21 silly idealTree ├── load-bmfont@1.4.1
21 silly idealTree ├── locate-path@3.0.0
21 silly idealTree ├── lodash.defaults@4.2.0
21 silly idealTree ├── lodash.difference@4.5.0
21 silly idealTree ├── lodash.flatten@4.4.0
21 silly idealTree ├── lodash.get@4.4.2
21 silly idealTree ├── lodash.isplainobject@4.0.6
21 silly idealTree ├── lodash.union@4.6.0
21 silly idealTree ├── lodash@4.17.20
21 silly idealTree ├─┬ log-symbols@3.0.0
21 silly idealTree │ ├── chalk@2.4.2
21 silly idealTree │ └── escape-string-regexp@1.0.5
21 silly idealTree ├── lolis.life@4.0.0
21 silly idealTree ├── long@4.0.0
21 silly idealTree ├── lowercase-keys@2.0.0
21 silly idealTree ├── media-typer@1.1.0
21 silly idealTree ├── mime-db@1.45.0
21 silly idealTree ├── mime-types@2.1.28
21 silly idealTree ├── mime@1.6.0
21 silly idealTree ├── mimic-fn@2.1.0
21 silly idealTree ├── mimic-response@1.0.1
21 silly idealTree ├── min-document@2.19.0
21 silly idealTree ├── minimatch@3.0.4
21 silly idealTree ├── minimist@1.2.5
21 silly idealTree ├── mkdirp@0.5.5
21 silly idealTree ├── moment-timezone@0.5.32
21 silly idealTree ├── moment@2.29.1
21 silly idealTree ├── mri@1.1.4
21 silly idealTree ├── ms@2.1.2
21 silly idealTree ├── multistream@4.0.1
21 silly idealTree ├─┬ music-metadata@7.6.6
21 silly idealTree │ └── file-type@16.2.0
21 silly idealTree ├── mute-stream@0.0.8
21 silly idealTree ├── node-fetch@2.6.1
21 silly idealTree ├── normalize-path@3.0.0
21 silly idealTree ├── normalize-url@4.5.0
21 silly idealTree ├── oauth-sign@0.9.0
21 silly idealTree ├── omggif@1.0.10
21 silly idealTree ├── once@1.4.0
21 silly idealTree ├── onetime@5.1.2
21 silly idealTree ├─┬ ora@4.1.1
21 silly idealTree │ ├── ansi-regex@5.0.0
21 silly idealTree │ ├── ansi-styles@4.3.0
21 silly idealTree │ ├── chalk@3.0.0
21 silly idealTree │ ├── color-convert@2.0.1
21 silly idealTree │ ├── color-name@1.1.4
21 silly idealTree │ ├── has-flag@4.0.0
21 silly idealTree │ ├── strip-ansi@6.0.0
21 silly idealTree │ └── supports-color@7.2.0
21 silly idealTree ├── p-cancelable@2.0.0
21 silly idealTree ├── p-limit@2.3.0
21 silly idealTree ├── p-locate@3.0.0
21 silly idealTree ├── p-try@2.2.0
21 silly idealTree ├── pako@1.0.11
21 silly idealTree ├── parse-bmfont-ascii@1.0.6
21 silly idealTree ├── parse-bmfont-binary@1.0.6
21 silly idealTree ├── parse-bmfont-xml@1.1.4
21 silly idealTree ├── parse-headers@2.0.3
21 silly idealTree ├── path-exists@3.0.0
21 silly idealTree ├── path-is-absolute@1.0.1
21 silly idealTree ├── peek-readable@3.1.3
21 silly idealTree ├── performance-now@2.1.0
21 silly idealTree ├── phin@2.9.3
21 silly idealTree ├── pino-pretty@4.3.0
21 silly idealTree ├── pino-std-serializers@3.2.0
21 silly idealTree ├── pino@6.11.0
21 silly idealTree ├── pixelmatch@4.0.2
21 silly idealTree ├── pngjs@3.4.0
21 silly idealTree ├── process-nextick-args@2.0.1
21 silly idealTree ├── process@0.11.10
21 silly idealTree ├── progress@2.0.3
21 silly idealTree ├─┬ protobufjs@6.10.2
21 silly idealTree │ └── @types/node@13.13.40
21 silly idealTree ├── psl@1.8.0
21 silly idealTree ├── pump@3.0.0
21 silly idealTree ├── punycode@2.1.1
21 silly idealTree ├── qrcode-terminal@0.12.0
21 silly idealTree ├── qs@6.5.2
21 silly idealTree ├── quick-format-unescaped@4.0.1
21 silly idealTree ├── quick-lru@5.1.1
21 silly idealTree ├── readable-stream@3.6.0
21 silly idealTree ├── readable-web-to-node-stream@3.0.1
21 silly idealTree ├── regenerator-runtime@0.13.7
21 silly idealTree ├── remove.bg@1.3.0
21 silly idealTree ├── request-promise-core@1.1.4
21 silly idealTree ├── request-promise@4.2.6
21 silly idealTree ├── request@2.88.2
21 silly idealTree ├── require-directory@2.1.1
21 silly idealTree ├── require-main-filename@2.0.0
21 silly idealTree ├── resolve-alpn@1.0.0
21 silly idealTree ├── responselike@2.0.0
21 silly idealTree ├── restore-cursor@3.1.0
21 silly idealTree ├── safe-buffer@5.2.1
21 silly idealTree ├── safer-buffer@2.1.2
21 silly idealTree ├── sax@1.2.4
21 silly idealTree ├── set-blocking@2.0.0
21 silly idealTree ├── signal-exit@3.0.3
21 silly idealTree ├── smart-buffer@4.1.0
21 silly idealTree ├── socks-proxy-agent@5.0.0
21 silly idealTree ├── socks@2.5.1
21 silly idealTree ├── sonic-boom@1.3.0
21 silly idealTree ├─┬ spinnies@0.5.1
21 silly idealTree │ ├── chalk@2.4.2
21 silly idealTree │ └── escape-string-regexp@1.0.5
21 silly idealTree ├── split2@3.2.2
21 silly idealTree ├── sshpk@1.16.1
21 silly idealTree ├── stealthy-require@1.1.1
21 silly idealTree ├── string_decoder@1.3.0
21 silly idealTree ├── string-width@3.1.0
21 silly idealTree ├── strip-ansi@5.2.0
21 silly idealTree ├── strip-json-comments@3.1.1
21 silly idealTree ├── strtok3@6.0.8
21 silly idealTree ├── supports-color@5.5.0
21 silly idealTree ├── tar-stream@2.2.0
21 silly idealTree ├── tiktok-scraper@1.4.12
21 silly idealTree ├── timm@1.7.1
21 silly idealTree ├── tinycolor2@1.4.2
21 silly idealTree ├── token-types@2.1.1
21 silly idealTree ├── tough-cookie@2.5.0
21 silly idealTree ├── tunnel-agent@0.6.0
21 silly idealTree ├── tweetnacl@0.14.5
21 silly idealTree ├── typedarray-to-buffer@3.1.5
21 silly idealTree ├─┬ unirest@0.6.0
21 silly idealTree │ ├── async@0.9.2
21 silly idealTree │ ├── combined-stream@0.0.7
21 silly idealTree │ ├── delayed-stream@0.0.5
21 silly idealTree │ ├── form-data@0.2.0
21 silly idealTree │ ├── mime-db@1.12.0
21 silly idealTree │ ├── mime-types@2.0.14
21 silly idealTree │ └── mime@2.5.0
21 silly idealTree ├── uri-js@4.4.1
21 silly idealTree ├── utif@2.0.1
21 silly idealTree ├── util-deprecate@1.0.2
21 silly idealTree ├── uuid@3.4.0
21 silly idealTree ├── verror@1.10.0
21 silly idealTree ├── wcwidth@1.0.1
21 silly idealTree ├── which-module@2.0.0
21 silly idealTree ├── which@1.3.1
21 silly idealTree ├── window-size@1.1.1
21 silly idealTree ├── wrap-ansi@5.1.0
21 silly idealTree ├── wrappy@1.0.2
21 silly idealTree ├── ws@7.4.2
21 silly idealTree ├── xhr@2.6.0
21 silly idealTree ├── xml-parse-from-string@1.0.1
21 silly idealTree ├── xml2js@0.4.23
21 silly idealTree ├── xmlbuilder@11.0.1
21 silly idealTree ├── xtend@4.0.2
21 silly idealTree ├── y18n@4.0.1
21 silly idealTree ├── yargs-parser@15.0.1
21 silly idealTree ├── yargs@14.2.3
21 silly idealTree └── zip-stream@2.1.3
22 silly install generateActionsToTake
23 timing stage:generateActionsToTake Completed in 245ms
24 silly diffTrees action count 1
25 silly diffTrees update imgbb-uploader@1.3.0
26 silly decomposeActions action count 10
27 silly decomposeActions unbuild imgbb-uploader@1.3.0
28 silly decomposeActions remove imgbb-uploader@1.3.0
29 silly decomposeActions fetch imgbb-uploader@1.3.0
30 silly decomposeActions extract imgbb-uploader@1.3.0
31 silly decomposeActions preinstall imgbb-uploader@1.3.0
32 silly decomposeActions build imgbb-uploader@1.3.0
33 silly decomposeActions install imgbb-uploader@1.3.0
34 silly decomposeActions postinstall imgbb-uploader@1.3.0
35 silly decomposeActions finalize imgbb-uploader@1.3.0
36 silly decomposeActions refresh-package-json imgbb-uploader@1.3.0
37 silly install executeActions
38 silly doSerial global-install 10
39 verbose correctMkdir /data/data/com.termux/files/home/.npm/_locks correctMkdir not in flight; initializing
40 verbose lock using /data/data/com.termux/files/home/.npm/_locks/staging-80af8a63dfaa1f1a.lock for /data/data/com.termux/files/home/ToiniuBot/node_modules/.staging
41 silly doParallel extract 1
42 silly extract imgbb-uploader@1.3.0
43 silly tarball trying imgbb-uploader@^1.3.0 by hash: sha512-1qZMbDI3pIVCIErkJefPllNdxey+kOA+zEWdbhKd6KAhdIfQHqdMmOG7yPvNRj8LZlpkUSs9sXss8jGEpKzT1w==
44 silly extract imgbb-uploader@^1.3.0 extracted to /data/data/com.termux/files/home/ToiniuBot/node_modules/.staging/imgbb-uploader-ea074777 (159ms)
45 timing action:extract Completed in 185ms
46 silly doReverseSerial unbuild 10
47 silly unbuild imgbb-uploader@1.3.0
48 info lifecycle imgbb-uploader@1.3.0~preuninstall: imgbb-uploader@1.3.0
49 info lifecycle imgbb-uploader@1.3.0~uninstall: imgbb-uploader@1.3.0
50 verbose unbuild rmStuff imgbb-uploader@1.3.0 from /data/data/com.termux/files/home/ToiniuBot/node_modules
51 info lifecycle imgbb-uploader@1.3.0~postuninstall: imgbb-uploader@1.3.0
52 timing action:unbuild Completed in 14ms
53 silly doSerial remove 10
54 silly remove /data/data/com.termux/files/home/ToiniuBot/node_modules/imgbb-uploader
55 timing action:remove Completed in 67ms
56 silly doSerial move 10
57 silly doSerial finalize 10
58 silly finalize /data/data/com.termux/files/home/ToiniuBot/node_modules/imgbb-uploader
59 timing action:finalize Completed in 20ms
60 silly doParallel refresh-package-json 1
61 silly refresh-package-json /data/data/com.termux/files/home/ToiniuBot/node_modules/imgbb-uploader
62 timing action:refresh-package-json Completed in 81ms
63 silly doParallel preinstall 1
64 silly preinstall imgbb-uploader@1.3.0
65 info lifecycle imgbb-uploader@1.3.0~preinstall: imgbb-uploader@1.3.0
66 timing action:preinstall Completed in 5ms
67 silly doSerial build 10
68 silly build imgbb-uploader@1.3.0
69 info linkStuff imgbb-uploader@1.3.0
70 silly linkStuff imgbb-uploader@1.3.0 has /data/data/com.termux/files/home/ToiniuBot/node_modules as its parent node_modules
71 timing action:build Completed in 10ms
72 silly doSerial global-link 10
73 silly doParallel update-linked 0
74 silly doSerial install 10
75 silly install imgbb-uploader@1.3.0
76 info lifecycle imgbb-uploader@1.3.0~install: imgbb-uploader@1.3.0
77 timing action:install Completed in 9ms
78 silly doSerial postinstall 10
79 silly postinstall imgbb-uploader@1.3.0
80 info lifecycle imgbb-uploader@1.3.0~postinstall: imgbb-uploader@1.3.0
81 timing action:postinstall Completed in 4ms
82 verbose unlock done using /data/data/com.termux/files/home/.npm/_locks/staging-80af8a63dfaa1f1a.lock for /data/data/com.termux/files/home/ToiniuBot/node_modules/.staging
83 timing stage:executeActions Completed in 476ms
84 timing stage:rollbackFailedOptional Completed in 3ms
85 timing stage:runTopLevelLifecycles Completed in 13299ms
86 silly saveTree toiniubot@0.0.2
86 silly saveTree ├─┬ @adiwajshing/baileys@4.0.0
86 silly saveTree │ ├── @adiwajshing/keyed-db@0.2.4
86 silly saveTree │ ├── curve25519-js@0.0.4
86 silly saveTree │ ├── futoin-hkdf@1.3.2
86 silly saveTree │ ├─┬ got@11.8.1
86 silly saveTree │ │ ├── @sindresorhus/is@4.0.0
86 silly saveTree │ │ ├─┬ @szmarczak/http-timer@4.0.5
86 silly saveTree │ │ │ └── defer-to-connect@2.0.0
86 silly saveTree │ │ ├─┬ @types/cacheable-request@6.0.1
86 silly saveTree │ │ │ ├── @types/http-cache-semantics@4.0.0
86 silly saveTree │ │ │ ├─┬ @types/keyv@3.1.1
86 silly saveTree │ │ │ │ └── @types/node@14.14.22
86 silly saveTree │ │ │ ├── @types/node@14.14.22
86 silly saveTree │ │ │ └── @types/responselike@1.0.0
86 silly saveTree │ │ ├── @types/responselike@1.0.0
86 silly saveTree │ │ ├── cacheable-lookup@5.0.4
86 silly saveTree │ │ ├─┬ cacheable-request@7.0.1
86 silly saveTree │ │ │ ├─┬ clone-response@1.0.2
86 silly saveTree │ │ │ │ └── mimic-response@1.0.1
86 silly saveTree │ │ │ ├─┬ get-stream@5.2.0
86 silly saveTree │ │ │ │ └─┬ pump@3.0.0
86 silly saveTree │ │ │ │   ├─┬ end-of-stream@1.4.4
86 silly saveTree │ │ │ │   │ └─┬ once@1.4.0
86 silly saveTree │ │ │ │   │   └── wrappy@1.0.2
86 silly saveTree │ │ │ │   └── once@1.4.0
86 silly saveTree │ │ │ ├── http-cache-semantics@4.1.0
86 silly saveTree │ │ │ ├─┬ keyv@4.0.3
86 silly saveTree │ │ │ │ └── json-buffer@3.0.1
86 silly saveTree │ │ │ ├── lowercase-keys@2.0.0
86 silly saveTree │ │ │ ├── normalize-url@4.5.0
86 silly saveTree │ │ │ └── responselike@2.0.0
86 silly saveTree │ │ ├─┬ decompress-response@6.0.0
86 silly saveTree │ │ │ └── mimic-response@3.1.0
86 silly saveTree │ │ ├─┬ http2-wrapper@1.0.0-beta.5.2
86 silly saveTree │ │ │ ├── quick-lru@5.1.1
86 silly saveTree │ │ │ └── resolve-alpn@1.0.0
86 silly saveTree │ │ ├── lowercase-keys@2.0.0
86 silly saveTree │ │ ├── p-cancelable@2.0.0
86 silly saveTree │ │ └── responselike@2.0.0
86 silly saveTree │ ├─┬ https-proxy-agent@5.0.0
86 silly saveTree │ │ ├─┬ agent-base@6.0.2
86 silly saveTree │ │ │ └─┬ debug@4.3.1
86 silly saveTree │ │ │   └── ms@2.1.2
86 silly saveTree │ │ └── debug@4.3.1
86 silly saveTree │ ├─┬ jimp@0.16.1
86 silly saveTree │ │ ├─┬ @babel/runtime@7.12.5
86 silly saveTree │ │ │ └── regenerator-runtime@0.13.7
86 silly saveTree │ │ ├─┬ @jimp/custom@0.16.1
86 silly saveTree │ │ │ └─┬ @jimp/core@0.16.1
86 silly saveTree │ │ │   ├── @jimp/utils@0.16.1
86 silly saveTree │ │ │   ├── any-base@1.1.0
86 silly saveTree │ │ │   ├─┬ buffer@5.7.1
86 silly saveTree │ │ │   │ ├── base64-js@1.5.1
86 silly saveTree │ │ │   │ └── ieee754@1.2.1
86 silly saveTree │ │ │   ├── exif-parser@0.1.12
86 silly saveTree │ │ │   ├── file-type@9.0.0
86 silly saveTree │ │ │   ├─┬ load-bmfont@1.4.1
86 silly saveTree │ │ │   │ ├── buffer-equal@0.0.1
86 silly saveTree │ │ │   │ ├── mime@1.6.0
86 silly saveTree │ │ │   │ ├── parse-bmfont-ascii@1.0.6
86 silly saveTree │ │ │   │ ├── parse-bmfont-binary@1.0.6
86 silly saveTree │ │ │   │ ├─┬ parse-bmfont-xml@1.1.4
86 silly saveTree │ │ │   │ │ ├── xml-parse-from-string@1.0.1
86 silly saveTree │ │ │   │ │ └─┬ xml2js@0.4.23
86 silly saveTree │ │ │   │ │   ├── sax@1.2.4
86 silly saveTree │ │ │   │ │   └── xmlbuilder@11.0.1
86 silly saveTree │ │ │   │ ├── phin@2.9.3
86 silly saveTree │ │ │   │ ├─┬ xhr@2.6.0
86 silly saveTree │ │ │   │ │ ├─┬ global@4.4.0
86 silly saveTree │ │ │   │ │ │ ├─┬ min-document@2.19.0
86 silly saveTree │ │ │   │ │ │ │ └── dom-walk@0.1.2
86 silly saveTree │ │ │   │ │ │ └── process@0.11.10
86 silly saveTree │ │ │   │ │ ├── is-function@1.0.2
86 silly saveTree │ │ │   │ │ ├── parse-headers@2.0.3
86 silly saveTree │ │ │   │ │ └── xtend@4.0.2
86 silly saveTree │ │ │   │ └── xtend@4.0.2
86 silly saveTree │ │ │   ├─┬ mkdirp@0.5.5
86 silly saveTree │ │ │   │ └── minimist@1.2.5
86 silly saveTree │ │ │   ├── phin@2.9.3
86 silly saveTree │ │ │   ├─┬ pixelmatch@4.0.2
86 silly saveTree │ │ │   │ └── pngjs@3.4.0
86 silly saveTree │ │ │   └── tinycolor2@1.4.2
86 silly saveTree │ │ ├─┬ @jimp/plugins@0.16.1
86 silly saveTree │ │ │ ├── @jimp/plugin-blit@0.16.1
86 silly saveTree │ │ │ ├── @jimp/plugin-blur@0.16.1
86 silly saveTree │ │ │ ├── @jimp/plugin-circle@0.16.1
86 silly saveTree │ │ │ ├── @jimp/plugin-color@0.16.1
86 silly saveTree │ │ │ ├── @jimp/plugin-contain@0.16.1
86 silly saveTree │ │ │ ├── @jimp/plugin-cover@0.16.1
86 silly saveTree │ │ │ ├── @jimp/plugin-crop@0.16.1
86 silly saveTree │ │ │ ├── @jimp/plugin-displace@0.16.1
86 silly saveTree │ │ │ ├── @jimp/plugin-dither@0.16.1
86 silly saveTree │ │ │ ├── @jimp/plugin-fisheye@0.16.1
86 silly saveTree │ │ │ ├── @jimp/plugin-flip@0.16.1
86 silly saveTree │ │ │ ├── @jimp/plugin-gaussian@0.16.1
86 silly saveTree │ │ │ ├── @jimp/plugin-invert@0.16.1
86 silly saveTree │ │ │ ├── @jimp/plugin-mask@0.16.1
86 silly saveTree │ │ │ ├── @jimp/plugin-normalize@0.16.1
86 silly saveTree │ │ │ ├── @jimp/plugin-print@0.16.1
86 silly saveTree │ │ │ ├── @jimp/plugin-resize@0.16.1
86 silly saveTree │ │ │ ├── @jimp/plugin-rotate@0.16.1
86 silly saveTree │ │ │ ├── @jimp/plugin-scale@0.16.1
86 silly saveTree │ │ │ ├── @jimp/plugin-shadow@0.16.1
86 silly saveTree │ │ │ ├── @jimp/plugin-threshold@0.16.1
86 silly saveTree │ │ │ └── timm@1.7.1
86 silly saveTree │ │ ├─┬ @jimp/types@0.16.1
86 silly saveTree │ │ │ ├─┬ @jimp/bmp@0.16.1
86 silly saveTree │ │ │ │ └── bmp-js@0.1.0
86 silly saveTree │ │ │ ├─┬ @jimp/gif@0.16.1
86 silly saveTree │ │ │ │ ├─┬ gifwrap@0.9.2
86 silly saveTree │ │ │ │ │ ├── image-q@1.1.1
86 silly saveTree │ │ │ │ │ └── omggif@1.0.10
86 silly saveTree │ │ │ │ └── omggif@1.0.10
86 silly saveTree │ │ │ ├─┬ @jimp/jpeg@0.16.1
86 silly saveTree │ │ │ │ └── jpeg-js@0.4.2
86 silly saveTree │ │ │ ├── @jimp/png@0.16.1
86 silly saveTree │ │ │ └─┬ @jimp/tiff@0.16.1
86 silly saveTree │ │ │   └─┬ utif@2.0.1
86 silly saveTree │ │ │     └── pako@1.0.11
86 silly saveTree │ │ └── regenerator-runtime@0.13.7
86 silly saveTree │ ├─┬ music-metadata@7.6.6
86 silly saveTree │ │ ├── content-type@1.0.4
86 silly saveTree │ │ ├─┬ file-type@16.2.0
86 silly saveTree │ │ │ ├─┬ readable-web-to-node-stream@3.0.1
86 silly saveTree │ │ │ │ ├─┬ @types/readable-stream@2.3.9
86 silly saveTree │ │ │ │ │ └── safe-buffer@5.2.1
86 silly saveTree │ │ │ │ └─┬ readable-stream@3.6.0
86 silly saveTree │ │ │ │   ├── inherits@2.0.4
86 silly saveTree │ │ │ │   ├── string_decoder@1.3.0
86 silly saveTree │ │ │ │   └── util-deprecate@1.0.2
86 silly saveTree │ │ │ ├─┬ strtok3@6.0.8
86 silly saveTree │ │ │ │ ├── @tokenizer/token@0.1.1
86 silly saveTree │ │ │ │ ├── @types/debug@4.1.5
86 silly saveTree │ │ │ │ └── peek-readable@3.1.3
86 silly saveTree │ │ │ ├── token-types@2.1.1
86 silly saveTree │ │ │ └─┬ typedarray-to-buffer@3.1.5
86 silly saveTree │ │ │   └── is-typedarray@1.0.0
86 silly saveTree │ │ ├── media-typer@1.1.0
86 silly saveTree │ │ ├── strtok3@6.0.8
86 silly saveTree │ │ └── token-types@2.1.1
86 silly saveTree │ ├─┬ pino-pretty@4.3.0
86 silly saveTree │ │ ├── @hapi/bourne@2.0.0
86 silly saveTree │ │ ├─┬ args@5.0.1
86 silly saveTree │ │ │ ├── camelcase@5.0.0
86 silly saveTree │ │ │ ├─┬ chalk@2.4.2
86 silly saveTree │ │ │ │ ├─┬ ansi-styles@3.2.1
86 silly saveTree │ │ │ │ │ └─┬ color-convert@1.9.3
86 silly saveTree │ │ │ │ │   └── color-name@1.1.3
86 silly saveTree │ │ │ │ ├── escape-string-regexp@1.0.5
86 silly saveTree │ │ │ │ └─┬ supports-color@5.5.0
86 silly saveTree │ │ │ │   └── has-flag@3.0.0
86 silly saveTree │ │ │ ├── leven@2.1.0
86 silly saveTree │ │ │ └── mri@1.1.4
86 silly saveTree │ │ ├─┬ chalk@4.1.0
86 silly saveTree │ │ │ ├─┬ ansi-styles@4.3.0
86 silly saveTree │ │ │ │ └─┬ color-convert@2.0.1
86 silly saveTree │ │ │ │   └── color-name@1.1.4
86 silly saveTree │ │ │ └─┬ supports-color@7.2.0
86 silly saveTree │ │ │   └── has-flag@4.0.0
86 silly saveTree │ │ ├── dateformat@3.0.3
86 silly saveTree │ │ ├── fast-safe-stringify@2.0.7
86 silly saveTree │ │ ├── jmespath@0.15.0
86 silly saveTree │ │ ├── joycon@2.2.5
86 silly saveTree │ │ ├── split2@3.2.2
86 silly saveTree │ │ └── strip-json-comments@3.1.1
86 silly saveTree │ ├─┬ pino@6.11.0
86 silly saveTree │ │ ├── fast-redact@3.0.0
86 silly saveTree │ │ ├── flatstr@1.0.12
86 silly saveTree │ │ ├── pino-std-serializers@3.2.0
86 silly saveTree │ │ ├── quick-format-unescaped@4.0.1
86 silly saveTree │ │ └─┬ sonic-boom@1.3.0
86 silly saveTree │ │   └── atomic-sleep@1.0.0
86 silly saveTree │ ├─┬ protobufjs@6.10.2
86 silly saveTree │ │ ├── @protobufjs/aspromise@1.1.2
86 silly saveTree │ │ ├── @protobufjs/base64@1.1.2
86 silly saveTree │ │ ├── @protobufjs/codegen@2.0.4
86 silly saveTree │ │ ├── @protobufjs/eventemitter@1.1.0
86 silly saveTree │ │ ├─┬ @protobufjs/fetch@1.1.0
86 silly saveTree │ │ │ └── @protobufjs/inquire@1.1.0
86 silly saveTree │ │ ├── @protobufjs/float@1.0.2
86 silly saveTree │ │ ├── @protobufjs/inquire@1.1.0
86 silly saveTree │ │ ├── @protobufjs/path@1.1.2
86 silly saveTree │ │ ├── @protobufjs/pool@1.1.0
86 silly saveTree │ │ ├── @protobufjs/utf8@1.1.0
86 silly saveTree │ │ ├── @types/long@4.0.1
86 silly saveTree │ │ ├── @types/node@13.13.40
86 silly saveTree │ │ └── long@4.0.0
86 silly saveTree │ ├── qrcode-terminal@0.12.0
86 silly saveTree │ └── ws@7.4.2
86 silly saveTree ├─┬ @kagchi/kag-api@1.5.5
86 silly saveTree │ └─┬ axios@0.20.0
86 silly saveTree │   └── follow-redirects@1.13.2
86 silly saveTree ├── async@3.2.0
86 silly saveTree ├── axios@0.21.1
86 silly saveTree ├─┬ cfonts@2.9.1
86 silly saveTree │ └─┬ window-size@1.1.1
86 silly saveTree │   ├─┬ define-property@1.0.0
86 silly saveTree │   │ └─┬ is-descriptor@1.0.2
86 silly saveTree │   │   ├─┬ is-accessor-descriptor@1.0.0
86 silly saveTree │   │   │ └── kind-of@6.0.3
86 silly saveTree │   │   ├── is-data-descriptor@1.0.0
86 silly saveTree │   │   └── kind-of@6.0.3
86 silly saveTree │   └─┬ is-number@3.0.0
86 silly saveTree │     └─┬ kind-of@3.2.2
86 silly saveTree │       └── is-buffer@1.1.6
86 silly saveTree ├── escape-string-regexp@4.0.0
86 silly saveTree ├── fake-useragent@1.0.1
86 silly saveTree ├─┬ fluent-ffmpeg@2.1.2
86 silly saveTree │ └─┬ which@1.3.1
86 silly saveTree │   └── isexe@2.0.0
86 silly saveTree ├── got@11.8.1
86 silly saveTree ├── imgbb-uploader@1.3.0
86 silly saveTree ├── lolis.life@4.0.0
86 silly saveTree ├─┬ moment-timezone@0.5.32
86 silly saveTree │ └── moment@2.29.1
86 silly saveTree ├── multistream@4.0.1
86 silly saveTree ├── node-fetch@2.6.1
86 silly saveTree ├─┬ remove.bg@1.3.0
86 silly saveTree │ ├─┬ request@2.88.2
86 silly saveTree │ │ ├── aws-sign2@0.7.0
86 silly saveTree │ │ ├── aws4@1.11.0
86 silly saveTree │ │ ├── caseless@0.12.0
86 silly saveTree │ │ ├─┬ combined-stream@1.0.8
86 silly saveTree │ │ │ └── delayed-stream@1.0.0
86 silly saveTree │ │ ├── extend@3.0.2
86 silly saveTree │ │ ├── forever-agent@0.6.1
86 silly saveTree │ │ ├─┬ form-data@2.3.3
86 silly saveTree │ │ │ ├── asynckit@0.4.0
86 silly saveTree │ │ │ └─┬ mime-types@2.1.28
86 silly saveTree │ │ │   └── mime-db@1.45.0
86 silly saveTree │ │ ├─┬ har-validator@5.1.5
86 silly saveTree │ │ │ ├─┬ ajv@6.12.6
86 silly saveTree │ │ │ │ ├── fast-deep-equal@3.1.3
86 silly saveTree │ │ │ │ ├── fast-json-stable-stringify@2.1.0
86 silly saveTree │ │ │ │ ├── json-schema-traverse@0.4.1
86 silly saveTree │ │ │ │ └─┬ uri-js@4.4.1
86 silly saveTree │ │ │ │   └── punycode@2.1.1
86 silly saveTree │ │ │ └── har-schema@2.0.0
86 silly saveTree │ │ ├─┬ http-signature@1.2.0
86 silly saveTree │ │ │ ├── assert-plus@1.0.0
86 silly saveTree │ │ │ ├─┬ jsprim@1.4.1
86 silly saveTree │ │ │ │ ├── extsprintf@1.3.0
86 silly saveTree │ │ │ │ ├── json-schema@0.2.3
86 silly saveTree │ │ │ │ └─┬ verror@1.10.0
86 silly saveTree │ │ │ │   └── core-util-is@1.0.2
86 silly saveTree │ │ │ └─┬ sshpk@1.16.1
86 silly saveTree │ │ │   ├─┬ asn1@0.2.4
86 silly saveTree │ │ │   │ └── safer-buffer@2.1.2
86 silly saveTree │ │ │   ├─┬ bcrypt-pbkdf@1.0.2
86 silly saveTree │ │ │   │ └── tweetnacl@0.14.5
86 silly saveTree │ │ │   ├── dashdash@1.14.1
86 silly saveTree │ │ │   ├─┬ ecc-jsbn@0.1.2
86 silly saveTree │ │ │   │ └── jsbn@0.1.1
86 silly saveTree │ │ │   ├── getpass@0.1.7
86 silly saveTree │ │ │   ├── jsbn@0.1.1
86 silly saveTree │ │ │   ├── safer-buffer@2.1.2
86 silly saveTree │ │ │   └── tweetnacl@0.14.5
86 silly saveTree │ │ ├── isstream@0.1.2
86 silly saveTree │ │ ├── json-stringify-safe@5.0.1
86 silly saveTree │ │ ├── mime-types@2.1.28
86 silly saveTree │ │ ├── oauth-sign@0.9.0
86 silly saveTree │ │ ├── performance-now@2.1.0
86 silly saveTree │ │ ├── qs@6.5.2
86 silly saveTree │ │ ├─┬ tough-cookie@2.5.0
86 silly saveTree │ │ │ └── psl@1.8.0
86 silly saveTree │ │ ├── tunnel-agent@0.6.0
86 silly saveTree │ │ └── uuid@3.4.0
86 silly saveTree │ └─┬ unirest@0.6.0
86 silly saveTree │   ├─┬ form-data@0.2.0
86 silly saveTree │   │ ├── async@0.9.2
86 silly saveTree │   │ ├─┬ combined-stream@0.0.7
86 silly saveTree │   │ │ └── delayed-stream@0.0.5
86 silly saveTree │   │ └─┬ mime-types@2.0.14
86 silly saveTree │   │   └── mime-db@1.12.0
86 silly saveTree │   └── mime@2.5.0
86 silly saveTree ├── request@2.88.2
86 silly saveTree ├─┬ spinnies@0.5.1
86 silly saveTree │ ├─┬ chalk@2.4.2
86 silly saveTree │ │ └── escape-string-regexp@1.0.5
86 silly saveTree │ ├─┬ cli-cursor@3.1.0
86 silly saveTree │ │ └─┬ restore-cursor@3.1.0
86 silly saveTree │ │   ├─┬ onetime@5.1.2
86 silly saveTree │ │   │ └── mimic-fn@2.1.0
86 silly saveTree │ │   └── signal-exit@3.0.3
86 silly saveTree │ └─┬ strip-ansi@5.2.0
86 silly saveTree │   └── ansi-regex@4.1.0
86 silly saveTree └─┬ tiktok-scraper@1.4.12
86 silly saveTree   ├─┬ archiver@3.1.1
86 silly saveTree   │ ├─┬ archiver-utils@2.1.0
86 silly saveTree   │ │ ├─┬ glob@7.1.6
86 silly saveTree   │ │ │ ├── fs.realpath@1.0.0
86 silly saveTree   │ │ │ ├── inflight@1.0.6
86 silly saveTree   │ │ │ ├─┬ minimatch@3.0.4
86 silly saveTree   │ │ │ │ └─┬ brace-expansion@1.1.11
86 silly saveTree   │ │ │ │   ├── balanced-match@1.0.0
86 silly saveTree   │ │ │ │   └── concat-map@0.0.1
86 silly saveTree   │ │ │ └── path-is-absolute@1.0.1
86 silly saveTree   │ │ ├── graceful-fs@4.2.4
86 silly saveTree   │ │ ├─┬ lazystream@1.0.0
86 silly saveTree   │ │ │ └─┬ readable-stream@2.3.7
86 silly saveTree   │ │ │   ├── isarray@1.0.0
86 silly saveTree   │ │ │   ├── process-nextick-args@2.0.1
86 silly saveTree   │ │ │   ├── safe-buffer@5.1.2
86 silly saveTree   │ │ │   └── string_decoder@1.1.1
86 silly saveTree   │ │ ├── lodash.defaults@4.2.0
86 silly saveTree   │ │ ├── lodash.difference@4.5.0
86 silly saveTree   │ │ ├── lodash.flatten@4.4.0
86 silly saveTree   │ │ ├── lodash.isplainobject@4.0.6
86 silly saveTree   │ │ ├── lodash.union@4.6.0
86 silly saveTree   │ │ ├── normalize-path@3.0.0
86 silly saveTree   │ │ └─┬ readable-stream@2.3.7
86 silly saveTree   │ │   ├── safe-buffer@5.1.2
86 silly saveTree   │ │   └── string_decoder@1.1.1
86 silly saveTree   │ ├─┬ async@2.6.3
86 silly saveTree   │ │ └── lodash@4.17.20
86 silly saveTree   │ ├── buffer-crc32@0.2.13
86 silly saveTree   │ ├── glob@7.1.6
86 silly saveTree   │ ├─┬ tar-stream@2.2.0
86 silly saveTree   │ │ ├── bl@4.0.3
86 silly saveTree   │ │ └── fs-constants@1.0.0
86 silly saveTree   │ └─┬ zip-stream@2.1.3
86 silly saveTree   │   └─┬ compress-commons@2.1.1
86 silly saveTree   │     ├─┬ crc32-stream@3.0.1
86 silly saveTree   │     │ └── crc@3.8.0
86 silly saveTree   │     └─┬ readable-stream@2.3.7
86 silly saveTree   │       ├── safe-buffer@5.1.2
86 silly saveTree   │       └── string_decoder@1.1.1
86 silly saveTree   ├── bluebird@3.7.2
86 silly saveTree   ├─┬ json2csv@4.5.1
86 silly saveTree   │ ├── commander@2.20.3
86 silly saveTree   │ ├── jsonparse@1.3.1
86 silly saveTree   │ └── lodash.get@4.4.2
86 silly saveTree   ├─┬ ora@4.1.1
86 silly saveTree   │ ├─┬ chalk@3.0.0
86 silly saveTree   │ │ ├─┬ ansi-styles@4.3.0
86 silly saveTree   │ │ │ └─┬ color-convert@2.0.1
86 silly saveTree   │ │ │   └── color-name@1.1.4
86 silly saveTree   │ │ └─┬ supports-color@7.2.0
86 silly saveTree   │ │   └── has-flag@4.0.0
86 silly saveTree   │ ├── cli-spinners@2.5.0
86 silly saveTree   │ ├── is-interactive@1.0.0
86 silly saveTree   │ ├─┬ log-symbols@3.0.0
86 silly saveTree   │ │ └─┬ chalk@2.4.2
86 silly saveTree   │ │   └── escape-string-regexp@1.0.5
86 silly saveTree   │ ├── mute-stream@0.0.8
86 silly saveTree   │ ├─┬ strip-ansi@6.0.0
86 silly saveTree   │ │ └── ansi-regex@5.0.0
86 silly saveTree   │ └─┬ wcwidth@1.0.1
86 silly saveTree   │   └─┬ defaults@1.0.3
86 silly saveTree   │     └── clone@1.0.4
86 silly saveTree   ├── progress@2.0.3
86 silly saveTree   ├─┬ request-promise@4.2.6
86 silly saveTree   │ ├── request-promise-core@1.1.4
86 silly saveTree   │ └── stealthy-require@1.1.1
86 silly saveTree   ├─┬ socks-proxy-agent@5.0.0
86 silly saveTree   │ └─┬ socks@2.5.1
86 silly saveTree   │   ├── ip@1.1.5
86 silly saveTree   │   └── smart-buffer@4.1.0
86 silly saveTree   └─┬ yargs@14.2.3
86 silly saveTree     ├─┬ cliui@5.0.0
86 silly saveTree     │ ├─┬ string-width@3.1.0
86 silly saveTree     │ │ ├── emoji-regex@7.0.3
86 silly saveTree     │ │ └── is-fullwidth-code-point@2.0.0
86 silly saveTree     │ └── wrap-ansi@5.1.0
86 silly saveTree     ├── decamelize@1.2.0
86 silly saveTree     ├─┬ find-up@3.0.0
86 silly saveTree     │ └─┬ locate-path@3.0.0
86 silly saveTree     │   ├─┬ p-locate@3.0.0
86 silly saveTree     │   │ └─┬ p-limit@2.3.0
86 silly saveTree     │   │   └── p-try@2.2.0
86 silly saveTree     │   └── path-exists@3.0.0
86 silly saveTree     ├── get-caller-file@2.0.5
86 silly saveTree     ├── require-directory@2.1.1
86 silly saveTree     ├── require-main-filename@2.0.0
86 silly saveTree     ├── set-blocking@2.0.0
86 silly saveTree     ├── string-width@3.1.0
86 silly saveTree     ├── which-module@2.0.0
86 silly saveTree     ├── y18n@4.0.1
86 silly saveTree     └── yargs-parser@15.0.1
87 silly install saveToDependencies
88 verbose saving [ { name: 'imgbb-uploader', spec: '^1.3.0', save: 'dependencies' } ]
89 verbose shrinkwrap skipping write for package.json because there were no changes.
90 info lifecycle undefined~preshrinkwrap: undefined
91 info lifecycle toiniubot@0.0.2~shrinkwrap: toiniubot@0.0.2
92 timing audit submit Completed in 1487ms
93 http fetch POST 200 https://registry.npmjs.org/-/npm/v1/security/audits/quick 1487ms
94 verbose shrinkwrap skipping write for package-lock.json because there were no changes.
95 info lifecycle toiniubot@0.0.2~postshrinkwrap: toiniubot@0.0.2
96 timing audit body Completed in 25ms
97 silly install printInstalled
98 verbose stack Error: write EIO
98 verbose stack     at afterWriteDispatched (internal/stream_base_commons.js:156:25)
98 verbose stack     at writeGeneric (internal/stream_base_commons.js:147:3)
98 verbose stack     at WriteStream.Socket._writeGeneric (net.js:785:11)
98 verbose stack     at WriteStream.Socket._write (net.js:797:8)
98 verbose stack     at writeOrBuffer (internal/streams/writable.js:358:12)
98 verbose stack     at WriteStream.Writable.write (internal/streams/writable.js:303:10)
98 verbose stack     at Gauge._doRedraw (/data/data/com.termux/files/usr/lib/node_modules/npm/node_modules/gauge/index.js:222:21)
98 verbose stack     at Timeout._onTimeout (/data/data/com.termux/files/usr/lib/node_modules/npm/node_modules/gauge/index.js:15:19)
98 verbose stack     at listOnTimeout (internal/timers.js:554:17)
98 verbose stack     at processTimers (internal/timers.js:497:7)
99 verbose cwd /data/data/com.termux/files/home/ToiniuBot
100 verbose Linux 3.18.120-perf-g3e480e17e11f-04280-g407726838ebf
101 verbose argv "/data/data/com.termux/files/usr/bin/node" "/data/data/com.termux/files/usr/bin/npm" "i" "imgbb-uploader"
102 verbose node v14.15.4
103 verbose npm  v6.14.10
104 error code EIO
105 error syscall write
106 error errno -5
107 error write EIO
108 verbose exit [ -5, true ]
